<?xml version="1.0" encoding="UTF-8"?>
<!-- Generated by org.testng.reporters.JUnitReportReporter -->
<testsuite hostname="Ashok" failures="0" tests="2" name="TestNGBasics.TestNGFeatures1" time="0.030" errors="0" timestamp="12 Jul 2018 18:58:21 GMT" skipped="0">
  <testcase classname="TestNGBasics.TestNGFeatures1" name="Login" time="0.028"/>
  <testcase classname="TestNGBasics.TestNGFeatures1" name="Logout" time="0.002"/>
</testsuite> <!-- TestNGBasics.TestNGFeatures1 -->
